INFO  20:32:12,623 - Kompajliranje ulaznog fajla C:\Users\Anja\Desktop\PP1 projekat\workspace\MJCompiler\test\program.mj
INFO  20:32:12,675 - #2 program
INFO  20:32:12,675 - #20 MJProgram
INFO  20:32:12,675 - #7 const
INFO  20:32:12,675 - #20 int
INFO  20:32:12,675 - #20 m
INFO  20:32:12,676 - #37 =
INFO  20:32:12,676 - #21 1
INFO  20:32:12,676 - #40 ;
INFO  20:32:12,676 - #20 int
INFO  20:32:12,677 - #20 global
INFO  20:32:12,677 - #41 ,
INFO  20:32:12,677 - #20 globarArr
INFO  20:32:12,677 - #45 [
INFO  20:32:12,677 - #46 ]
INFO  20:32:12,677 - #40 ;
INFO  20:32:12,677 - #47 {
INFO  20:32:12,677 - #20 int
INFO  20:32:12,678 - #20 fun
INFO  20:32:12,678 - #43 (
INFO  20:32:12,678 - #44 )
INFO  20:32:12,678 - #47 {
INFO  20:32:12,679 - #15 return
INFO  20:32:12,679 - #21 1
INFO  20:32:12,679 - #40 ;
INFO  20:32:12,680 - #48 }
INFO  20:32:12,680 - #16 void
INFO  20:32:12,681 - #20 main
INFO  20:32:12,681 - #43 (
INFO  20:32:12,681 - #44 )
INFO  20:32:12,681 - #20 int
INFO  20:32:12,681 - #20 b
INFO  20:32:12,681 - #41 ,
INFO  20:32:12,682 - #20 a
INFO  20:32:12,682 - #45 [
INFO  20:32:12,682 - #46 ]
INFO  20:32:12,682 - #40 ;
INFO  20:32:12,682 - #20 char
INFO  20:32:12,682 - #20 a
INFO  20:32:12,682 - #40 ;
INFO  20:32:12,682 - #47 {
INFO  20:32:12,682 - #20 b
INFO  20:32:12,682 - #37 =
INFO  20:32:12,683 - #21 1
INFO  20:32:12,683 - #40 ;
INFO  20:32:12,683 - #48 }
INFO  20:32:12,683 - #48 }
INFO  20:32:12,684 - 

================SINTAKSNO STABLO====================


INFO  20:32:12,685 - Program(
  ProgName(
   MJProgram
  ) [ProgName]
  ProgramDeclMulti(
    ProgramDeclSingle(
      PartConstDeclaration(
        ConstDeclaration(
          Type(
           int
          ) [Type]
          ConstSingle(
            ConstPart(
             m
              NumConst(
               1
              ) [NumConst]
            ) [ConstPart]
          ) [ConstSingle]
        ) [ConstDeclaration]
      ) [PartConstDeclaration]
    ) [ProgramDeclSingle]
    PartVarDeclaration(
      GlobalVarDeclaration(
        Type(
         int
        ) [Type]
        GlobalVarMulti(
          GlobalVarSingle(
            GlobalVarNormal(
             global
            ) [GlobalVarNormal]
          ) [GlobalVarSingle]
          GlobalVarArray(
           globarArr
          ) [GlobalVarArray]
        ) [GlobalVarMulti]
      ) [GlobalVarDeclaration]
    ) [PartVarDeclaration]
  ) [ProgramDeclMulti]
  MethodDecMulti(
    MethodDeclSingle(
      MethodTypeDeclaration(
        MethodType6(
          MethodTypeName(
            Type(
             int
            ) [Type]
           fun
          ) [MethodTypeName]
          StatementSingle(
            StmtReturnExpr(
              ExprOne(
                ExprSingle(
                  TermSingle(
                    FactorNumConst(
                     1
                    ) [FactorNumConst]
                  ) [TermSingle]
                ) [ExprSingle]
              ) [ExprOne]
            ) [StmtReturnExpr]
          ) [StatementSingle]
        ) [MethodType6]
      ) [MethodTypeDeclaration]
    ) [MethodDeclSingle]
    MethodVoidDeclaration(
      MethodVoid4(
        MethodVoidName(
         main
        ) [MethodVoidName]
        VarDeclMulti(
          VarDeclSingle(
            VarDeclaration(
              Type(
               int
              ) [Type]
              VarMulti(
                VarSingle(
                  VarNormal(
                   b
                  ) [VarNormal]
                ) [VarSingle]
                VarArray(
                 a
                ) [VarArray]
              ) [VarMulti]
            ) [VarDeclaration]
          ) [VarDeclSingle]
          VarDeclaration(
            Type(
             char
            ) [Type]
            VarSingle(
              VarNormal(
               a
              ) [VarNormal]
            ) [VarSingle]
          ) [VarDeclaration]
        ) [VarDeclMulti]
        StatementSingle(
          StmtDesign(
            DesignatorAssignment(
              Designator0(
               b
              ) [Designator0]
              AssignmentExpr(
                ExprOne(
                  ExprSingle(
                    TermSingle(
                      FactorNumConst(
                       1
                      ) [FactorNumConst]
                    ) [TermSingle]
                  ) [ExprSingle]
                ) [ExprOne]
              ) [AssignmentExpr]
            ) [DesignatorAssignment]
          ) [StmtDesign]
        ) [StatementSingle]
      ) [MethodVoid4]
    ) [MethodVoidDeclaration]
  ) [MethodDecMulti]
) [Program]
INFO  20:32:12,685 - 

================SEMANTICKA OBRADA====================


INFO  20:32:12,695 - Pocetak obrade programa 'MJProgram' na liniji 1
INFO  20:32:12,696 - Deklarisana konstanta 'm' na liniji 2
INFO  20:32:12,696 - Deklarisana globalna promenljiva 'global' na liniji 3
INFO  20:32:12,696 - Deklarisan globalni niz 'globarArr' na liniji 3
INFO  20:32:12,696 - Pocetak obrade metode main na liniji 9
INFO  20:32:12,696 - Deklarisana promenljiva 'b' na liniji 9
INFO  20:32:12,696 - Deklarisan niz 'a' na liniji 9
ERROR 20:32:12,697 - Semanticka greska - 'a' je vec deklarisano na liniji 10
INFO  20:32:12,697 - Kraj obrade metode main na liniji 9
INFO  20:32:12,697 - Kraj obrade programa 'MJProgram' na liniji 1
INFO  20:32:12,697 - 

================TABELA SIMBOLA====================


INFO  20:32:12,697 - ===================================
INFO  20:37:48,401 - Kompajliranje ulaznog fajla C:\Users\Anja\Desktop\PP1 projekat\workspace\MJCompiler\test\program.mj
INFO  20:37:48,453 - #2 program
INFO  20:37:48,453 - #20 MJProgram
INFO  20:37:48,453 - #7 const
INFO  20:37:48,453 - #20 int
INFO  20:37:48,453 - #20 m
INFO  20:37:48,454 - #37 =
INFO  20:37:48,454 - #21 1
INFO  20:37:48,454 - #40 ;
INFO  20:37:48,455 - #20 int
INFO  20:37:48,455 - #20 global
INFO  20:37:48,455 - #41 ,
INFO  20:37:48,455 - #20 globarArr
INFO  20:37:48,455 - #45 [
INFO  20:37:48,455 - #46 ]
INFO  20:37:48,456 - #40 ;
INFO  20:37:48,456 - #47 {
INFO  20:37:48,456 - #16 void
INFO  20:37:48,456 - #20 fun
INFO  20:37:48,456 - #43 (
INFO  20:37:48,456 - #44 )
INFO  20:37:48,456 - #47 {
INFO  20:37:48,456 - #15 return
INFO  20:37:48,457 - #21 1
INFO  20:37:48,457 - #40 ;
INFO  20:37:48,457 - #48 }
INFO  20:37:48,457 - #16 void
INFO  20:37:48,458 - #20 main
INFO  20:37:48,458 - #43 (
INFO  20:37:48,458 - #44 )
INFO  20:37:48,458 - #20 int
INFO  20:37:48,458 - #20 b
INFO  20:37:48,458 - #41 ,
INFO  20:37:48,458 - #20 a
INFO  20:37:48,458 - #45 [
INFO  20:37:48,458 - #46 ]
INFO  20:37:48,458 - #40 ;
INFO  20:37:48,459 - #20 char
INFO  20:37:48,459 - #20 a
INFO  20:37:48,459 - #40 ;
INFO  20:37:48,459 - #47 {
INFO  20:37:48,459 - #20 b
INFO  20:37:48,459 - #37 =
INFO  20:37:48,459 - #21 1
INFO  20:37:48,459 - #40 ;
INFO  20:37:48,460 - #48 }
INFO  20:37:48,460 - #48 }
INFO  20:37:48,460 - 

================SINTAKSNO STABLO====================


INFO  20:37:48,461 - Program(
  ProgName(
   MJProgram
  ) [ProgName]
  ProgramDeclMulti(
    ProgramDeclSingle(
      PartConstDeclaration(
        ConstDeclaration(
          Type(
           int
          ) [Type]
          ConstSingle(
            ConstPart(
             m
              NumConst(
               1
              ) [NumConst]
            ) [ConstPart]
          ) [ConstSingle]
        ) [ConstDeclaration]
      ) [PartConstDeclaration]
    ) [ProgramDeclSingle]
    PartVarDeclaration(
      GlobalVarDeclaration(
        Type(
         int
        ) [Type]
        GlobalVarMulti(
          GlobalVarSingle(
            GlobalVarNormal(
             global
            ) [GlobalVarNormal]
          ) [GlobalVarSingle]
          GlobalVarArray(
           globarArr
          ) [GlobalVarArray]
        ) [GlobalVarMulti]
      ) [GlobalVarDeclaration]
    ) [PartVarDeclaration]
  ) [ProgramDeclMulti]
  MethodDecMulti(
    MethodDeclSingle(
      MethodVoidDeclaration(
        MethodVoid6(
          MethodVoidName(
           fun
          ) [MethodVoidName]
          StatementSingle(
            StmtReturnExpr(
              ExprOne(
                ExprSingle(
                  TermSingle(
                    FactorNumConst(
                     1
                    ) [FactorNumConst]
                  ) [TermSingle]
                ) [ExprSingle]
              ) [ExprOne]
            ) [StmtReturnExpr]
          ) [StatementSingle]
        ) [MethodVoid6]
      ) [MethodVoidDeclaration]
    ) [MethodDeclSingle]
    MethodVoidDeclaration(
      MethodVoid4(
        MethodVoidName(
         main
        ) [MethodVoidName]
        VarDeclMulti(
          VarDeclSingle(
            VarDeclaration(
              Type(
               int
              ) [Type]
              VarMulti(
                VarSingle(
                  VarNormal(
                   b
                  ) [VarNormal]
                ) [VarSingle]
                VarArray(
                 a
                ) [VarArray]
              ) [VarMulti]
            ) [VarDeclaration]
          ) [VarDeclSingle]
          VarDeclaration(
            Type(
             char
            ) [Type]
            VarSingle(
              VarNormal(
               a
              ) [VarNormal]
            ) [VarSingle]
          ) [VarDeclaration]
        ) [VarDeclMulti]
        StatementSingle(
          StmtDesign(
            DesignatorAssignment(
              Designator0(
               b
              ) [Designator0]
              AssignmentExpr(
                ExprOne(
                  ExprSingle(
                    TermSingle(
                      FactorNumConst(
                       1
                      ) [FactorNumConst]
                    ) [TermSingle]
                  ) [ExprSingle]
                ) [ExprOne]
              ) [AssignmentExpr]
            ) [DesignatorAssignment]
          ) [StmtDesign]
        ) [StatementSingle]
      ) [MethodVoid4]
    ) [MethodVoidDeclaration]
  ) [MethodDecMulti]
) [Program]
INFO  20:37:48,462 - 

================SEMANTICKA OBRADA====================


INFO  20:37:48,472 - Pocetak obrade programa 'MJProgram' na liniji 1
INFO  20:37:48,473 - Deklarisana konstanta 'm' na liniji 2
INFO  20:37:48,473 - Deklarisana globalna promenljiva 'global' na liniji 3
INFO  20:37:48,473 - Deklarisan globalni niz 'globarArr' na liniji 3
INFO  20:37:48,473 - Pocetak obrade metode fun na liniji 5
INFO  20:37:48,474 - Kraj obrade metode fun na liniji 5
INFO  20:37:48,474 - Pocetak obrade metode main na liniji 9
INFO  20:37:48,474 - Deklarisana promenljiva 'b' na liniji 9
INFO  20:37:48,474 - Deklarisan niz 'a' na liniji 9
ERROR 20:37:48,474 - Semanticka greska - 'a' je vec deklarisano na liniji 10
INFO  20:37:48,474 - Kraj obrade metode main na liniji 9
INFO  20:37:48,474 - Kraj obrade programa 'MJProgram' na liniji 1
INFO  20:37:48,474 - 

================TABELA SIMBOLA====================


INFO  20:37:48,474 - ===================================
INFO  20:42:41,403 - Kompajliranje ulaznog fajla C:\Users\Anja\Desktop\PP1 projekat\workspace\MJCompiler\test\program.mj
INFO  20:42:41,454 - #2 program
INFO  20:42:41,454 - #20 MJProgram
INFO  20:42:41,454 - #7 const
INFO  20:42:41,454 - #20 int
INFO  20:42:41,454 - #20 m
INFO  20:42:41,455 - #37 =
INFO  20:42:41,455 - #21 1
INFO  20:42:41,455 - #40 ;
INFO  20:42:41,456 - #20 int
INFO  20:42:41,456 - #20 global
INFO  20:42:41,456 - #41 ,
INFO  20:42:41,456 - #20 globarArr
INFO  20:42:41,457 - #45 [
INFO  20:42:41,457 - #46 ]
INFO  20:42:41,457 - #40 ;
INFO  20:42:41,457 - #47 {
INFO  20:42:41,457 - #20 int
INFO  20:42:41,457 - #20 fun
INFO  20:42:41,457 - #43 (
INFO  20:42:41,457 - #44 )
INFO  20:42:41,457 - #47 {
INFO  20:42:41,458 - #15 return
INFO  20:42:41,458 - #21 1
INFO  20:42:41,458 - #40 ;
INFO  20:42:41,458 - #48 }
INFO  20:42:41,458 - #16 void
INFO  20:42:41,459 - #20 main
INFO  20:42:41,459 - #43 (
INFO  20:42:41,459 - #44 )
INFO  20:42:41,459 - #20 int
INFO  20:42:41,459 - #20 b
INFO  20:42:41,459 - #41 ,
INFO  20:42:41,459 - #20 a
INFO  20:42:41,459 - #45 [
INFO  20:42:41,459 - #46 ]
INFO  20:42:41,460 - #40 ;
INFO  20:42:41,460 - #20 char
INFO  20:42:41,460 - #20 a
INFO  20:42:41,460 - #40 ;
INFO  20:42:41,460 - #47 {
INFO  20:42:41,460 - #20 b
INFO  20:42:41,460 - #37 =
INFO  20:42:41,460 - #21 1
INFO  20:42:41,460 - #40 ;
INFO  20:42:41,461 - #48 }
INFO  20:42:41,461 - #48 }
INFO  20:42:41,462 - 

================SINTAKSNO STABLO====================


INFO  20:42:41,463 - Program(
  ProgName(
   MJProgram
  ) [ProgName]
  ProgramDeclMulti(
    ProgramDeclSingle(
      PartConstDeclaration(
        ConstDeclaration(
          Type(
           int
          ) [Type]
          ConstSingle(
            ConstPart(
             m
              NumConst(
               1
              ) [NumConst]
            ) [ConstPart]
          ) [ConstSingle]
        ) [ConstDeclaration]
      ) [PartConstDeclaration]
    ) [ProgramDeclSingle]
    PartVarDeclaration(
      GlobalVarDeclaration(
        Type(
         int
        ) [Type]
        GlobalVarMulti(
          GlobalVarSingle(
            GlobalVarNormal(
             global
            ) [GlobalVarNormal]
          ) [GlobalVarSingle]
          GlobalVarArray(
           globarArr
          ) [GlobalVarArray]
        ) [GlobalVarMulti]
      ) [GlobalVarDeclaration]
    ) [PartVarDeclaration]
  ) [ProgramDeclMulti]
  MethodDecMulti(
    MethodDeclSingle(
      MethodTypeDeclaration(
        MethodType6(
          MethodTypeName(
            Type(
             int
            ) [Type]
           fun
          ) [MethodTypeName]
          StatementSingle(
            StmtReturnExpr(
              ExprOne(
                ExprSingle(
                  TermSingle(
                    FactorNumConst(
                     1
                    ) [FactorNumConst]
                  ) [TermSingle]
                ) [ExprSingle]
              ) [ExprOne]
            ) [StmtReturnExpr]
          ) [StatementSingle]
        ) [MethodType6]
      ) [MethodTypeDeclaration]
    ) [MethodDeclSingle]
    MethodVoidDeclaration(
      MethodVoid4(
        MethodVoidName(
         main
        ) [MethodVoidName]
        VarDeclMulti(
          VarDeclSingle(
            VarDeclaration(
              Type(
               int
              ) [Type]
              VarMulti(
                VarSingle(
                  VarNormal(
                   b
                  ) [VarNormal]
                ) [VarSingle]
                VarArray(
                 a
                ) [VarArray]
              ) [VarMulti]
            ) [VarDeclaration]
          ) [VarDeclSingle]
          VarDeclaration(
            Type(
             char
            ) [Type]
            VarSingle(
              VarNormal(
               a
              ) [VarNormal]
            ) [VarSingle]
          ) [VarDeclaration]
        ) [VarDeclMulti]
        StatementSingle(
          StmtDesign(
            DesignatorAssignment(
              Designator0(
               b
              ) [Designator0]
              AssignmentExpr(
                ExprOne(
                  ExprSingle(
                    TermSingle(
                      FactorNumConst(
                       1
                      ) [FactorNumConst]
                    ) [TermSingle]
                  ) [ExprSingle]
                ) [ExprOne]
              ) [AssignmentExpr]
            ) [DesignatorAssignment]
          ) [StmtDesign]
        ) [StatementSingle]
      ) [MethodVoid4]
    ) [MethodVoidDeclaration]
  ) [MethodDecMulti]
) [Program]
INFO  20:42:41,463 - 

================SEMANTICKA OBRADA====================


INFO  20:42:41,475 - Pocetak obrade programa 'MJProgram' na liniji 1
INFO  20:42:41,476 - Deklarisana konstanta 'm' na liniji 2
INFO  20:42:41,476 - Deklarisana globalna promenljiva 'global' na liniji 3
INFO  20:42:41,476 - Deklarisan globalni niz 'globarArr' na liniji 3
INFO  20:42:41,476 - Pocetak obrade metode fun na liniji 5
INFO  20:42:41,476 - Kraj obrade metode fun na liniji 5
INFO  20:42:41,476 - Pocetak obrade metode main na liniji 9
INFO  20:42:41,476 - Deklarisana promenljiva 'b' na liniji 9
INFO  20:42:41,476 - Deklarisan niz 'a' na liniji 9
ERROR 20:42:41,476 - Semanticka greska - 'a' je vec deklarisano na liniji 10
INFO  20:42:41,477 - Kraj obrade metode main na liniji 9
INFO  20:42:41,477 - Kraj obrade programa 'MJProgram' na liniji 1
INFO  20:42:41,477 - 

================TABELA SIMBOLA====================


INFO  20:42:41,477 - ===================================
INFO  21:23:35,302 - Kompajliranje ulaznog fajla C:\Users\Anja\Desktop\PP1 projekat\workspace\MJCompiler\test\program.mj
INFO  21:23:35,349 - #2 program
INFO  21:23:35,349 - #20 MJProgram
INFO  21:23:35,349 - #7 const
INFO  21:23:35,350 - #20 int
INFO  21:23:35,350 - #20 m
INFO  21:23:35,350 - #37 =
INFO  21:23:35,350 - #21 1
INFO  21:23:35,350 - #40 ;
INFO  21:23:35,351 - #20 int
INFO  21:23:35,351 - #20 global
INFO  21:23:35,351 - #41 ,
INFO  21:23:35,351 - #20 globarArr
INFO  21:23:35,351 - #45 [
INFO  21:23:35,351 - #46 ]
INFO  21:23:35,351 - #40 ;
INFO  21:23:35,352 - #47 {
INFO  21:23:35,352 - #20 int
INFO  21:23:35,352 - #20 fun
INFO  21:23:35,352 - #43 (
INFO  21:23:35,352 - #20 int
INFO  21:23:35,352 - #20 x
INFO  21:23:35,352 - #44 )
INFO  21:23:35,353 - #47 {
INFO  21:23:35,353 - #15 return
INFO  21:23:35,353 - #20 x
INFO  21:23:35,353 - #40 ;
INFO  21:23:35,353 - #48 }
INFO  21:23:35,353 - #16 void
INFO  21:23:35,354 - #20 main
INFO  21:23:35,354 - #43 (
INFO  21:23:35,354 - #44 )
INFO  21:23:35,354 - #20 int
INFO  21:23:35,354 - #20 b
INFO  21:23:35,354 - #41 ,
INFO  21:23:35,354 - #20 a
INFO  21:23:35,354 - #45 [
INFO  21:23:35,354 - #46 ]
INFO  21:23:35,354 - #40 ;
INFO  21:23:35,355 - #20 char
INFO  21:23:35,355 - #20 a
INFO  21:23:35,355 - #40 ;
INFO  21:23:35,355 - #47 {
INFO  21:23:35,355 - #20 b
INFO  21:23:35,355 - #37 =
INFO  21:23:35,355 - #21 1
INFO  21:23:35,355 - #40 ;
INFO  21:23:35,355 - #48 }
INFO  21:23:35,355 - #48 }
INFO  21:23:35,356 - 

================SINTAKSNO STABLO====================


INFO  21:23:35,357 - Program(
  ProgName(
   MJProgram
  ) [ProgName]
  ProgramDeclMulti(
    ProgramDeclSingle(
      PartConstDeclaration(
        ConstDeclaration(
          Type(
           int
          ) [Type]
          ConstSingle(
            ConstPart(
             m
              NumConst(
               1
              ) [NumConst]
            ) [ConstPart]
          ) [ConstSingle]
        ) [ConstDeclaration]
      ) [PartConstDeclaration]
    ) [ProgramDeclSingle]
    PartVarDeclaration(
      GlobalVarDeclaration(
        Type(
         int
        ) [Type]
        GlobalVarMulti(
          GlobalVarSingle(
            GlobalVarNormal(
             global
            ) [GlobalVarNormal]
          ) [GlobalVarSingle]
          GlobalVarArray(
           globarArr
          ) [GlobalVarArray]
        ) [GlobalVarMulti]
      ) [GlobalVarDeclaration]
    ) [PartVarDeclaration]
  ) [ProgramDeclMulti]
  MethodDecMulti(
    MethodDeclSingle(
      MethodTypeDeclaration(
        MethodType2(
          MethodTypeName(
            Type(
             int
            ) [Type]
           fun
          ) [MethodTypeName]
          ParamSingle(
            ParamNormal(
              Type(
               int
              ) [Type]
             x
            ) [ParamNormal]
          ) [ParamSingle]
          StatementSingle(
            StmtReturnExpr(
              ExprOne(
                ExprSingle(
                  TermSingle(
                    FactorDesignator(
                      Designator0(
                       x
                      ) [Designator0]
                    ) [FactorDesignator]
                  ) [TermSingle]
                ) [ExprSingle]
              ) [ExprOne]
            ) [StmtReturnExpr]
          ) [StatementSingle]
        ) [MethodType2]
      ) [MethodTypeDeclaration]
    ) [MethodDeclSingle]
    MethodVoidDeclaration(
      MethodVoid4(
        MethodVoidName(
         main
        ) [MethodVoidName]
        VarDeclMulti(
          VarDeclSingle(
            VarDeclaration(
              Type(
               int
              ) [Type]
              VarMulti(
                VarSingle(
                  VarNormal(
                   b
                  ) [VarNormal]
                ) [VarSingle]
                VarArray(
                 a
                ) [VarArray]
              ) [VarMulti]
            ) [VarDeclaration]
          ) [VarDeclSingle]
          VarDeclaration(
            Type(
             char
            ) [Type]
            VarSingle(
              VarNormal(
               a
              ) [VarNormal]
            ) [VarSingle]
          ) [VarDeclaration]
        ) [VarDeclMulti]
        StatementSingle(
          StmtDesign(
            DesignatorAssignment(
              Designator0(
               b
              ) [Designator0]
              AssignmentExpr(
                ExprOne(
                  ExprSingle(
                    TermSingle(
                      FactorNumConst(
                       1
                      ) [FactorNumConst]
                    ) [TermSingle]
                  ) [ExprSingle]
                ) [ExprOne]
              ) [AssignmentExpr]
            ) [DesignatorAssignment]
          ) [StmtDesign]
        ) [StatementSingle]
      ) [MethodVoid4]
    ) [MethodVoidDeclaration]
  ) [MethodDecMulti]
) [Program]
INFO  21:23:35,358 - 

================SEMANTICKA OBRADA====================


INFO  21:23:35,369 - Pocetak obrade programa 'MJProgram' na liniji 1
INFO  21:23:35,370 - Deklarisana konstanta 'm' na liniji 2
INFO  21:23:35,370 - Deklarisana globalna promenljiva 'global' na liniji 3
INFO  21:23:35,370 - Deklarisan globalni niz 'globarArr' na liniji 3
INFO  21:23:35,370 - Pocetak obrade metode fun na liniji 5
INFO  21:23:35,370 - Formalni parametar funkcije fun: 'x' na liniji 5
INFO  21:23:35,371 - Kraj obrade metode fun na liniji 5
INFO  21:23:35,371 - Pocetak obrade metode main na liniji 9
INFO  21:23:35,371 - Deklarisana promenljiva 'b' na liniji 9
INFO  21:23:35,371 - Deklarisan niz 'a' na liniji 9
ERROR 21:23:35,371 - Semanticka greska - 'a' je vec deklarisano na liniji 10
INFO  21:23:35,371 - Kraj obrade metode main na liniji 9
INFO  21:23:35,371 - Kraj obrade programa 'MJProgram' na liniji 1
INFO  21:23:35,371 - 

================TABELA SIMBOLA====================


INFO  21:23:35,371 - ===================================
INFO  21:23:57,810 - Kompajliranje ulaznog fajla C:\Users\Anja\Desktop\PP1 projekat\workspace\MJCompiler\test\program.mj
INFO  21:23:57,858 - #2 program
INFO  21:23:57,858 - #20 MJProgram
INFO  21:23:57,858 - #7 const
INFO  21:23:57,859 - #20 int
INFO  21:23:57,859 - #20 m
INFO  21:23:57,859 - #37 =
INFO  21:23:57,859 - #21 1
INFO  21:23:57,859 - #40 ;
INFO  21:23:57,860 - #20 int
INFO  21:23:57,861 - #20 global
INFO  21:23:57,861 - #41 ,
INFO  21:23:57,861 - #20 globarArr
INFO  21:23:57,861 - #45 [
INFO  21:23:57,861 - #46 ]
INFO  21:23:57,861 - #40 ;
INFO  21:23:57,861 - #47 {
INFO  21:23:57,861 - #20 int
INFO  21:23:57,862 - #20 fun
INFO  21:23:57,862 - #43 (
INFO  21:23:57,862 - #20 int
INFO  21:23:57,862 - #20 global
INFO  21:23:57,862 - #44 )
INFO  21:23:57,862 - #47 {
INFO  21:23:57,862 - #15 return
INFO  21:23:57,862 - #20 x
INFO  21:23:57,863 - #40 ;
INFO  21:23:57,863 - #48 }
INFO  21:23:57,863 - #16 void
INFO  21:23:57,864 - #20 main
INFO  21:23:57,864 - #43 (
INFO  21:23:57,864 - #44 )
INFO  21:23:57,864 - #20 int
INFO  21:23:57,864 - #20 b
INFO  21:23:57,864 - #41 ,
INFO  21:23:57,864 - #20 a
INFO  21:23:57,864 - #45 [
INFO  21:23:57,864 - #46 ]
INFO  21:23:57,864 - #40 ;
INFO  21:23:57,865 - #20 char
INFO  21:23:57,865 - #20 a
INFO  21:23:57,865 - #40 ;
INFO  21:23:57,865 - #47 {
INFO  21:23:57,865 - #20 b
INFO  21:23:57,865 - #37 =
INFO  21:23:57,866 - #21 1
INFO  21:23:57,866 - #40 ;
INFO  21:23:57,866 - #48 }
INFO  21:23:57,866 - #48 }
INFO  21:23:57,867 - 

================SINTAKSNO STABLO====================


INFO  21:23:57,869 - Program(
  ProgName(
   MJProgram
  ) [ProgName]
  ProgramDeclMulti(
    ProgramDeclSingle(
      PartConstDeclaration(
        ConstDeclaration(
          Type(
           int
          ) [Type]
          ConstSingle(
            ConstPart(
             m
              NumConst(
               1
              ) [NumConst]
            ) [ConstPart]
          ) [ConstSingle]
        ) [ConstDeclaration]
      ) [PartConstDeclaration]
    ) [ProgramDeclSingle]
    PartVarDeclaration(
      GlobalVarDeclaration(
        Type(
         int
        ) [Type]
        GlobalVarMulti(
          GlobalVarSingle(
            GlobalVarNormal(
             global
            ) [GlobalVarNormal]
          ) [GlobalVarSingle]
          GlobalVarArray(
           globarArr
          ) [GlobalVarArray]
        ) [GlobalVarMulti]
      ) [GlobalVarDeclaration]
    ) [PartVarDeclaration]
  ) [ProgramDeclMulti]
  MethodDecMulti(
    MethodDeclSingle(
      MethodTypeDeclaration(
        MethodType2(
          MethodTypeName(
            Type(
             int
            ) [Type]
           fun
          ) [MethodTypeName]
          ParamSingle(
            ParamNormal(
              Type(
               int
              ) [Type]
             global
            ) [ParamNormal]
          ) [ParamSingle]
          StatementSingle(
            StmtReturnExpr(
              ExprOne(
                ExprSingle(
                  TermSingle(
                    FactorDesignator(
                      Designator0(
                       x
                      ) [Designator0]
                    ) [FactorDesignator]
                  ) [TermSingle]
                ) [ExprSingle]
              ) [ExprOne]
            ) [StmtReturnExpr]
          ) [StatementSingle]
        ) [MethodType2]
      ) [MethodTypeDeclaration]
    ) [MethodDeclSingle]
    MethodVoidDeclaration(
      MethodVoid4(
        MethodVoidName(
         main
        ) [MethodVoidName]
        VarDeclMulti(
          VarDeclSingle(
            VarDeclaration(
              Type(
               int
              ) [Type]
              VarMulti(
                VarSingle(
                  VarNormal(
                   b
                  ) [VarNormal]
                ) [VarSingle]
                VarArray(
                 a
                ) [VarArray]
              ) [VarMulti]
            ) [VarDeclaration]
          ) [VarDeclSingle]
          VarDeclaration(
            Type(
             char
            ) [Type]
            VarSingle(
              VarNormal(
               a
              ) [VarNormal]
            ) [VarSingle]
          ) [VarDeclaration]
        ) [VarDeclMulti]
        StatementSingle(
          StmtDesign(
            DesignatorAssignment(
              Designator0(
               b
              ) [Designator0]
              AssignmentExpr(
                ExprOne(
                  ExprSingle(
                    TermSingle(
                      FactorNumConst(
                       1
                      ) [FactorNumConst]
                    ) [TermSingle]
                  ) [ExprSingle]
                ) [ExprOne]
              ) [AssignmentExpr]
            ) [DesignatorAssignment]
          ) [StmtDesign]
        ) [StatementSingle]
      ) [MethodVoid4]
    ) [MethodVoidDeclaration]
  ) [MethodDecMulti]
) [Program]
INFO  21:23:57,870 - 

================SEMANTICKA OBRADA====================


INFO  21:23:57,880 - Pocetak obrade programa 'MJProgram' na liniji 1
INFO  21:23:57,880 - Deklarisana konstanta 'm' na liniji 2
INFO  21:23:57,881 - Deklarisana globalna promenljiva 'global' na liniji 3
INFO  21:23:57,881 - Deklarisan globalni niz 'globarArr' na liniji 3
INFO  21:23:57,881 - Pocetak obrade metode fun na liniji 5
ERROR 21:23:57,881 - Semanticka greska - 'global' vec postoji na liniji 5
INFO  21:23:57,881 - Kraj obrade metode fun na liniji 5
INFO  21:23:57,881 - Pocetak obrade metode main na liniji 9
INFO  21:23:57,881 - Deklarisana promenljiva 'b' na liniji 9
INFO  21:23:57,881 - Deklarisan niz 'a' na liniji 9
ERROR 21:23:57,881 - Semanticka greska - 'a' je vec deklarisano na liniji 10
INFO  21:23:57,881 - Kraj obrade metode main na liniji 9
INFO  21:23:57,881 - Kraj obrade programa 'MJProgram' na liniji 1
INFO  21:23:57,881 - 

================TABELA SIMBOLA====================


INFO  21:23:57,882 - ===================================
INFO  21:31:02,347 - Kompajliranje ulaznog fajla C:\Users\Anja\Desktop\PP1 projekat\workspace\MJCompiler\test\program.mj
INFO  21:31:02,412 - #2 program
INFO  21:31:02,412 - #20 MJProgram
INFO  21:31:02,412 - #7 const
INFO  21:31:02,413 - #20 int
INFO  21:31:02,413 - #20 m
INFO  21:31:02,414 - #37 =
INFO  21:31:02,414 - #21 1
INFO  21:31:02,414 - #40 ;
INFO  21:31:02,414 - #20 int
INFO  21:31:02,415 - #20 global
INFO  21:31:02,415 - #41 ,
INFO  21:31:02,415 - #20 globarArr
INFO  21:31:02,415 - #45 [
INFO  21:31:02,415 - #46 ]
INFO  21:31:02,415 - #40 ;
INFO  21:31:02,415 - #47 {
INFO  21:31:02,416 - #20 int
INFO  21:31:02,416 - #20 fun
INFO  21:31:02,416 - #43 (
INFO  21:31:02,416 - #20 int
INFO  21:31:02,416 - #20 x
INFO  21:31:02,416 - #44 )
INFO  21:31:02,417 - #47 {
INFO  21:31:02,417 - #15 return
INFO  21:31:02,417 - #20 x
INFO  21:31:02,417 - #40 ;
INFO  21:31:02,418 - #48 }
INFO  21:31:02,418 - #16 void
INFO  21:31:02,418 - #20 main
INFO  21:31:02,418 - #43 (
INFO  21:31:02,418 - #44 )
INFO  21:31:02,418 - #20 int
INFO  21:31:02,419 - #20 b
INFO  21:31:02,419 - #41 ,
INFO  21:31:02,419 - #20 a
INFO  21:31:02,419 - #45 [
INFO  21:31:02,419 - #46 ]
INFO  21:31:02,419 - #40 ;
INFO  21:31:02,419 - #20 char
INFO  21:31:02,419 - #20 a
INFO  21:31:02,419 - #40 ;
INFO  21:31:02,420 - #47 {
INFO  21:31:02,420 - #20 b
INFO  21:31:02,420 - #37 =
INFO  21:31:02,420 - #21 1
INFO  21:31:02,420 - #40 ;
INFO  21:31:02,420 - #48 }
INFO  21:31:02,420 - #48 }
INFO  21:31:02,422 - 

================SINTAKSNO STABLO====================


INFO  21:31:02,423 - Program(
  ProgName(
   MJProgram
  ) [ProgName]
  ProgramDeclMulti(
    ProgramDeclSingle(
      PartConstDeclaration(
        ConstDeclaration(
          Type(
           int
          ) [Type]
          ConstSingle(
            ConstPart(
             m
              NumConst(
               1
              ) [NumConst]
            ) [ConstPart]
          ) [ConstSingle]
        ) [ConstDeclaration]
      ) [PartConstDeclaration]
    ) [ProgramDeclSingle]
    PartVarDeclaration(
      GlobalVarDeclaration(
        Type(
         int
        ) [Type]
        GlobalVarMulti(
          GlobalVarSingle(
            GlobalVarNormal(
             global
            ) [GlobalVarNormal]
          ) [GlobalVarSingle]
          GlobalVarArray(
           globarArr
          ) [GlobalVarArray]
        ) [GlobalVarMulti]
      ) [GlobalVarDeclaration]
    ) [PartVarDeclaration]
  ) [ProgramDeclMulti]
  MethodDecMulti(
    MethodDeclSingle(
      MethodTypeDeclaration(
        MethodType2(
          MethodTypeName(
            Type(
             int
            ) [Type]
           fun
          ) [MethodTypeName]
          ParamSingle(
            ParamNormal(
              Type(
               int
              ) [Type]
             x
            ) [ParamNormal]
          ) [ParamSingle]
          StatementSingle(
            StmtReturnExpr(
              ExprOne(
                ExprSingle(
                  TermSingle(
                    FactorDesignator(
                      Designator0(
                       x
                      ) [Designator0]
                    ) [FactorDesignator]
                  ) [TermSingle]
                ) [ExprSingle]
              ) [ExprOne]
            ) [StmtReturnExpr]
          ) [StatementSingle]
        ) [MethodType2]
      ) [MethodTypeDeclaration]
    ) [MethodDeclSingle]
    MethodVoidDeclaration(
      MethodVoid4(
        MethodVoidName(
         main
        ) [MethodVoidName]
        VarDeclMulti(
          VarDeclSingle(
            VarDeclaration(
              Type(
               int
              ) [Type]
              VarMulti(
                VarSingle(
                  VarNormal(
                   b
                  ) [VarNormal]
                ) [VarSingle]
                VarArray(
                 a
                ) [VarArray]
              ) [VarMulti]
            ) [VarDeclaration]
          ) [VarDeclSingle]
          VarDeclaration(
            Type(
             char
            ) [Type]
            VarSingle(
              VarNormal(
               a
              ) [VarNormal]
            ) [VarSingle]
          ) [VarDeclaration]
        ) [VarDeclMulti]
        StatementSingle(
          StmtDesign(
            DesignatorAssignment(
              Designator0(
               b
              ) [Designator0]
              AssignmentExpr(
                ExprOne(
                  ExprSingle(
                    TermSingle(
                      FactorNumConst(
                       1
                      ) [FactorNumConst]
                    ) [TermSingle]
                  ) [ExprSingle]
                ) [ExprOne]
              ) [AssignmentExpr]
            ) [DesignatorAssignment]
          ) [StmtDesign]
        ) [StatementSingle]
      ) [MethodVoid4]
    ) [MethodVoidDeclaration]
  ) [MethodDecMulti]
) [Program]
INFO  21:31:02,423 - 

================SEMANTICKA OBRADA====================


INFO  21:31:02,433 - Pocetak obrade programa 'MJProgram' na liniji 1
INFO  21:31:02,434 - Deklarisana konstanta 'm' na liniji 2
INFO  21:31:02,434 - Deklarisana globalna promenljiva 'global' na liniji 3
INFO  21:31:02,434 - Deklarisan globalni niz 'globarArr' na liniji 3
INFO  21:31:02,434 - Pocetak obrade metode fun na liniji 5
INFO  21:31:02,434 - Formalni parametar funkcije fun: 'x' na liniji 5
INFO  21:31:02,435 - Kraj obrade metode fun na liniji 5
INFO  21:31:02,435 - Pocetak obrade metode main na liniji 9
INFO  21:31:02,435 - Deklarisana promenljiva 'b' na liniji 9
INFO  21:31:02,435 - Deklarisan niz 'a' na liniji 9
ERROR 21:31:02,435 - Semanticka greska - 'a' je vec deklarisano na liniji 10
INFO  21:31:02,435 - Kraj obrade metode main na liniji 9
INFO  21:31:02,435 - Kraj obrade programa 'MJProgram' na liniji 1
INFO  21:31:02,435 - 

================TABELA SIMBOLA====================


INFO  21:31:02,435 - ===================================
INFO  22:01:03,243 - Kompajliranje ulaznog fajla C:\Users\Anja\Desktop\PP1 projekat\workspace\MJCompiler\test\program.mj
INFO  22:01:03,350 - #2 program
INFO  22:01:03,351 - #20 MJProgram
INFO  22:01:03,351 - #7 const
INFO  22:01:03,351 - #20 int
INFO  22:01:03,352 - #20 m
INFO  22:01:03,352 - #37 =
INFO  22:01:03,352 - #21 1
INFO  22:01:03,352 - #40 ;
INFO  22:01:03,353 - #20 int
INFO  22:01:03,354 - #20 global
INFO  22:01:03,354 - #41 ,
INFO  22:01:03,354 - #20 globarArr
INFO  22:01:03,354 - #45 [
INFO  22:01:03,354 - #46 ]
INFO  22:01:03,355 - #40 ;
INFO  22:01:03,355 - #20 abc
INFO  22:01:03,355 - #20 a
INFO  22:01:03,355 - #40 ;
INFO  22:01:03,355 - #47 {
INFO  22:01:03,356 - #20 int
INFO  22:01:03,356 - #20 fun
INFO  22:01:03,356 - #43 (
INFO  22:01:03,356 - #20 int
INFO  22:01:03,356 - #20 x
INFO  22:01:03,356 - #44 )
INFO  22:01:03,357 - #47 {
INFO  22:01:03,357 - #15 return
INFO  22:01:03,357 - #20 x
INFO  22:01:03,357 - #40 ;
INFO  22:01:03,358 - #48 }
INFO  22:01:03,358 - #16 void
INFO  22:01:03,358 - #20 main
INFO  22:01:03,358 - #43 (
INFO  22:01:03,359 - #44 )
INFO  22:01:03,359 - #20 int
INFO  22:01:03,359 - #20 b
INFO  22:01:03,359 - #41 ,
INFO  22:01:03,359 - #20 a
INFO  22:01:03,359 - #45 [
INFO  22:01:03,359 - #46 ]
INFO  22:01:03,359 - #40 ;
INFO  22:01:03,359 - #20 char
INFO  22:01:03,360 - #20 a
INFO  22:01:03,360 - #40 ;
INFO  22:01:03,360 - #47 {
INFO  22:01:03,360 - #20 b
INFO  22:01:03,360 - #37 =
INFO  22:01:03,360 - #21 1
INFO  22:01:03,360 - #40 ;
INFO  22:01:03,361 - #48 }
INFO  22:01:03,361 - #48 }
INFO  22:01:03,362 - 

================SINTAKSNO STABLO====================


INFO  22:01:03,364 - Program(
  ProgName(
   MJProgram
  ) [ProgName]
  ProgramDeclMulti(
    ProgramDeclMulti(
      ProgramDeclSingle(
        PartConstDeclaration(
          ConstDeclaration(
            Type(
             int
            ) [Type]
            ConstSingle(
              ConstPart(
               m
                NumConst(
                 1
                ) [NumConst]
              ) [ConstPart]
            ) [ConstSingle]
          ) [ConstDeclaration]
        ) [PartConstDeclaration]
      ) [ProgramDeclSingle]
      PartVarDeclaration(
        GlobalVarDeclaration(
          Type(
           int
          ) [Type]
          GlobalVarMulti(
            GlobalVarSingle(
              GlobalVarNormal(
               global
              ) [GlobalVarNormal]
            ) [GlobalVarSingle]
            GlobalVarArray(
             globarArr
            ) [GlobalVarArray]
          ) [GlobalVarMulti]
        ) [GlobalVarDeclaration]
      ) [PartVarDeclaration]
    ) [ProgramDeclMulti]
    PartVarDeclaration(
      GlobalVarDeclaration(
        Type(
         abc
        ) [Type]
        GlobalVarSingle(
          GlobalVarNormal(
           a
          ) [GlobalVarNormal]
        ) [GlobalVarSingle]
      ) [GlobalVarDeclaration]
    ) [PartVarDeclaration]
  ) [ProgramDeclMulti]
  MethodDecMulti(
    MethodDeclSingle(
      MethodTypeDeclaration(
        MethodType2(
          MethodTypeName(
            Type(
             int
            ) [Type]
           fun
          ) [MethodTypeName]
          ParamSingle(
            ParamNormal(
              Type(
               int
              ) [Type]
             x
            ) [ParamNormal]
          ) [ParamSingle]
          StatementSingle(
            StmtReturnExpr(
              ExprOne(
                ExprSingle(
                  TermSingle(
                    FactorDesignator(
                      Designator0(
                       x
                      ) [Designator0]
                    ) [FactorDesignator]
                  ) [TermSingle]
                ) [ExprSingle]
              ) [ExprOne]
            ) [StmtReturnExpr]
          ) [StatementSingle]
        ) [MethodType2]
      ) [MethodTypeDeclaration]
    ) [MethodDeclSingle]
    MethodVoidDeclaration(
      MethodVoid4(
        MethodVoidName(
         main
        ) [MethodVoidName]
        VarDeclMulti(
          VarDeclSingle(
            VarDeclaration(
              Type(
               int
              ) [Type]
              VarMulti(
                VarSingle(
                  VarNormal(
                   b
                  ) [VarNormal]
                ) [VarSingle]
                VarArray(
                 a
                ) [VarArray]
              ) [VarMulti]
            ) [VarDeclaration]
          ) [VarDeclSingle]
          VarDeclaration(
            Type(
             char
            ) [Type]
            VarSingle(
              VarNormal(
               a
              ) [VarNormal]
            ) [VarSingle]
          ) [VarDeclaration]
        ) [VarDeclMulti]
        StatementSingle(
          StmtDesign(
            DesignatorAssignment(
              Designator0(
               b
              ) [Designator0]
              AssignmentExpr(
                ExprOne(
                  ExprSingle(
                    TermSingle(
                      FactorNumConst(
                       1
                      ) [FactorNumConst]
                    ) [TermSingle]
                  ) [ExprSingle]
                ) [ExprOne]
              ) [AssignmentExpr]
            ) [DesignatorAssignment]
          ) [StmtDesign]
        ) [StatementSingle]
      ) [MethodVoid4]
    ) [MethodVoidDeclaration]
  ) [MethodDecMulti]
) [Program]
INFO  22:01:03,366 - 

================SEMANTICKA OBRADA====================


INFO  22:01:03,376 - Pocetak obrade programa 'MJProgram' na liniji 1
INFO  22:01:03,377 - Deklarisana konstanta 'm' na liniji 2
INFO  22:01:03,377 - Deklarisana globalna promenljiva 'global' na liniji 3
INFO  22:01:03,377 - Deklarisan globalni niz 'globarArr' na liniji 3
ERROR 22:01:03,377 - Semanticka greska - nije pronadjen tip 'abc' u tabeli simbola!
INFO  22:01:03,377 - Deklarisana globalna promenljiva 'a' na liniji 4
INFO  22:01:03,378 - Pocetak obrade metode fun na liniji 6
INFO  22:01:03,378 - Formalni parametar funkcije fun: 'x' na liniji 6
INFO  22:01:03,378 - Kraj obrade metode fun na liniji 6
INFO  22:01:03,378 - Pocetak obrade metode main na liniji 10
ERROR 22:01:03,378 - Semanticka greska - 'a' je vec deklarisano na liniji 10
INFO  22:01:03,378 - Deklarisana promenljiva 'b' na liniji 10
ERROR 22:01:03,378 - Semanticka greska - 'a' je vec deklarisano na liniji 11
INFO  22:01:03,379 - Kraj obrade metode main na liniji 10
INFO  22:01:03,379 - Kraj obrade programa 'MJProgram' na liniji 1
INFO  22:01:03,379 - 

================TABELA SIMBOLA====================


INFO  22:01:03,379 - ===================================
INFO  22:01:47,162 - Kompajliranje ulaznog fajla C:\Users\Anja\Desktop\PP1 projekat\workspace\MJCompiler\test\program.mj
INFO  22:01:47,212 - #2 program
INFO  22:01:47,212 - #20 MJProgram
INFO  22:01:47,212 - #7 const
INFO  22:01:47,213 - #20 int
INFO  22:01:47,213 - #20 m
INFO  22:01:47,213 - #37 =
INFO  22:01:47,213 - #21 1
INFO  22:01:47,213 - #40 ;
INFO  22:01:47,214 - #20 int
INFO  22:01:47,214 - #20 global
INFO  22:01:47,214 - #41 ,
INFO  22:01:47,214 - #20 globarArr
INFO  22:01:47,214 - #45 [
INFO  22:01:47,215 - #46 ]
INFO  22:01:47,215 - #40 ;
INFO  22:01:47,215 - #20 abc
INFO  22:01:47,215 - #21 1
ERROR 22:01:47,215 - 
Sintaksna greska na liniji 4, koloni 5 za simbol "1"!
ERROR 22:01:47,215 - Fatalna greska, parsiranje se ne moze nastaviti na liniji 4, koloni 5 za simbol "1"!
INFO  22:01:53,206 - Kompajliranje ulaznog fajla C:\Users\Anja\Desktop\PP1 projekat\workspace\MJCompiler\test\program.mj
INFO  22:01:53,254 - #2 program
INFO  22:01:53,254 - #20 MJProgram
INFO  22:01:53,254 - #7 const
INFO  22:01:53,255 - #20 int
INFO  22:01:53,255 - #20 m
INFO  22:01:53,255 - #37 =
INFO  22:01:53,255 - #21 1
INFO  22:01:53,255 - #40 ;
INFO  22:01:53,256 - #20 int
INFO  22:01:53,256 - #20 global
INFO  22:01:53,256 - #41 ,
INFO  22:01:53,256 - #20 globarArr
INFO  22:01:53,256 - #45 [
INFO  22:01:53,256 - #46 ]
INFO  22:01:53,257 - #40 ;
INFO  22:01:53,257 - #20 abc
INFO  22:01:53,257 - #20 a
INFO  22:01:53,257 - #40 ;
INFO  22:01:53,257 - #47 {
INFO  22:01:53,257 - #20 int
INFO  22:01:53,257 - #20 fun
INFO  22:01:53,257 - #43 (
INFO  22:01:53,258 - #20 int
INFO  22:01:53,258 - #20 x
INFO  22:01:53,258 - #44 )
INFO  22:01:53,258 - #47 {
INFO  22:01:53,258 - #15 return
INFO  22:01:53,258 - #20 x
INFO  22:01:53,258 - #40 ;
INFO  22:01:53,259 - #48 }
INFO  22:01:53,259 - #16 void
INFO  22:01:53,259 - #20 main
INFO  22:01:53,259 - #43 (
INFO  22:01:53,260 - #44 )
INFO  22:01:53,260 - #20 int
INFO  22:01:53,260 - #20 b
INFO  22:01:53,260 - #41 ,
INFO  22:01:53,260 - #20 a
INFO  22:01:53,260 - #45 [
INFO  22:01:53,260 - #46 ]
INFO  22:01:53,260 - #40 ;
INFO  22:01:53,260 - #20 char
INFO  22:01:53,260 - #20 a
INFO  22:01:53,260 - #40 ;
INFO  22:01:53,260 - #47 {
INFO  22:01:53,261 - #20 b
INFO  22:01:53,261 - #37 =
INFO  22:01:53,261 - #21 1
INFO  22:01:53,261 - #40 ;
INFO  22:01:53,261 - #48 }
INFO  22:01:53,261 - #48 }
INFO  22:01:53,262 - 

================SINTAKSNO STABLO====================


INFO  22:01:53,263 - Program(
  ProgName(
   MJProgram
  ) [ProgName]
  ProgramDeclMulti(
    ProgramDeclMulti(
      ProgramDeclSingle(
        PartConstDeclaration(
          ConstDeclaration(
            Type(
             int
            ) [Type]
            ConstSingle(
              ConstPart(
               m
                NumConst(
                 1
                ) [NumConst]
              ) [ConstPart]
            ) [ConstSingle]
          ) [ConstDeclaration]
        ) [PartConstDeclaration]
      ) [ProgramDeclSingle]
      PartVarDeclaration(
        GlobalVarDeclaration(
          Type(
           int
          ) [Type]
          GlobalVarMulti(
            GlobalVarSingle(
              GlobalVarNormal(
               global
              ) [GlobalVarNormal]
            ) [GlobalVarSingle]
            GlobalVarArray(
             globarArr
            ) [GlobalVarArray]
          ) [GlobalVarMulti]
        ) [GlobalVarDeclaration]
      ) [PartVarDeclaration]
    ) [ProgramDeclMulti]
    PartVarDeclaration(
      GlobalVarDeclaration(
        Type(
         abc
        ) [Type]
        GlobalVarSingle(
          GlobalVarNormal(
           a
          ) [GlobalVarNormal]
        ) [GlobalVarSingle]
      ) [GlobalVarDeclaration]
    ) [PartVarDeclaration]
  ) [ProgramDeclMulti]
  MethodDecMulti(
    MethodDeclSingle(
      MethodTypeDeclaration(
        MethodType2(
          MethodTypeName(
            Type(
             int
            ) [Type]
           fun
          ) [MethodTypeName]
          ParamSingle(
            ParamNormal(
              Type(
               int
              ) [Type]
             x
            ) [ParamNormal]
          ) [ParamSingle]
          StatementSingle(
            StmtReturnExpr(
              ExprOne(
                ExprSingle(
                  TermSingle(
                    FactorDesignator(
                      Designator0(
                       x
                      ) [Designator0]
                    ) [FactorDesignator]
                  ) [TermSingle]
                ) [ExprSingle]
              ) [ExprOne]
            ) [StmtReturnExpr]
          ) [StatementSingle]
        ) [MethodType2]
      ) [MethodTypeDeclaration]
    ) [MethodDeclSingle]
    MethodVoidDeclaration(
      MethodVoid4(
        MethodVoidName(
         main
        ) [MethodVoidName]
        VarDeclMulti(
          VarDeclSingle(
            VarDeclaration(
              Type(
               int
              ) [Type]
              VarMulti(
                VarSingle(
                  VarNormal(
                   b
                  ) [VarNormal]
                ) [VarSingle]
                VarArray(
                 a
                ) [VarArray]
              ) [VarMulti]
            ) [VarDeclaration]
          ) [VarDeclSingle]
          VarDeclaration(
            Type(
             char
            ) [Type]
            VarSingle(
              VarNormal(
               a
              ) [VarNormal]
            ) [VarSingle]
          ) [VarDeclaration]
        ) [VarDeclMulti]
        StatementSingle(
          StmtDesign(
            DesignatorAssignment(
              Designator0(
               b
              ) [Designator0]
              AssignmentExpr(
                ExprOne(
                  ExprSingle(
                    TermSingle(
                      FactorNumConst(
                       1
                      ) [FactorNumConst]
                    ) [TermSingle]
                  ) [ExprSingle]
                ) [ExprOne]
              ) [AssignmentExpr]
            ) [DesignatorAssignment]
          ) [StmtDesign]
        ) [StatementSingle]
      ) [MethodVoid4]
    ) [MethodVoidDeclaration]
  ) [MethodDecMulti]
) [Program]
INFO  22:01:53,263 - 

================SEMANTICKA OBRADA====================


INFO  22:01:53,276 - Pocetak obrade programa 'MJProgram' na liniji 1
INFO  22:01:53,276 - Deklarisana konstanta 'm' na liniji 2
INFO  22:01:53,276 - Deklarisana globalna promenljiva 'global' na liniji 3
INFO  22:01:53,276 - Deklarisan globalni niz 'globarArr' na liniji 3
ERROR 22:01:53,276 - Semanticka greska - nije pronadjen tip 'abc' u tabeli simbola!
INFO  22:01:53,277 - Deklarisana globalna promenljiva 'a' na liniji 4
INFO  22:01:53,277 - Pocetak obrade metode fun na liniji 6
INFO  22:01:53,277 - Formalni parametar funkcije fun: 'x' na liniji 6
INFO  22:01:53,277 - Kraj obrade metode fun na liniji 6
INFO  22:01:53,277 - Pocetak obrade metode main na liniji 10
ERROR 22:01:53,277 - Semanticka greska - 'a' je vec deklarisano na liniji 10
INFO  22:01:53,277 - Deklarisana promenljiva 'b' na liniji 10
ERROR 22:01:53,277 - Semanticka greska - 'a' je vec deklarisano na liniji 11
INFO  22:01:53,277 - Kraj obrade metode main na liniji 10
INFO  22:01:53,277 - Kraj obrade programa 'MJProgram' na liniji 1
INFO  22:01:53,278 - 

================TABELA SIMBOLA====================


INFO  22:01:53,278 - ===================================
